<?xml version="1.0" encoding="UTF-8"?>
<testng-results ignored="0" total="1" passed="1" failed="0" skipped="0">
  <reporter-output>
  </reporter-output>
  <suite started-at="2026-05-31T23:39:03 EDT" name="com.amcsoftware.AppTest" finished-at="2026-05-31T23:39:03 EDT" duration-ms="51">
    <groups>
    </groups>
    <test started-at="2026-05-31T23:39:03 EDT" name="Command line test" finished-at="2026-05-31T23:39:03 EDT" duration-ms="51">
      <class name="com.amcsoftware.AppTest">
        <test-method signature="shouldAnswerWithTrue()[pri:0, instance:com.amcsoftware.AppTest@de3a06f]" started-at="2026-05-31T23:39:03 EDT" name="shouldAnswerWithTrue" finished-at="2026-05-31T23:39:03 EDT" duration-ms="3" status="PASS">
          <reporter-output>
          </reporter-output>
        </test-method> <!-- shouldAnswerWithTrue -->
      </class> <!-- com.amcsoftware.AppTest -->
    </test> <!-- Command line test -->
  </suite> <!-- com.amcsoftware.AppTest -->
</testng-results>
